c:\users\lucas\desktop\faculdade\2ºano\1ºsemestre\poo\luisprioste_2019142028_p3_tiagoconceição_2016015546_p5\trabalho poo\debug\vc142.pdb
c:\users\lucas\desktop\faculdade\2ºano\1ºsemestre\poo\luisprioste_2019142028_p3_tiagoconceição_2016015546_p5\trabalho poo\debug\vc142.idb
c:\users\lucas\desktop\faculdade\2ºano\1ºsemestre\poo\luisprioste_2019142028_p3_tiagoconceição_2016015546_p5\trabalho poo\debug\territorio.obj
c:\users\lucas\desktop\faculdade\2ºano\1ºsemestre\poo\luisprioste_2019142028_p3_tiagoconceição_2016015546_p5\trabalho poo\debug\main.obj
c:\users\lucas\desktop\faculdade\2ºano\1ºsemestre\poo\luisprioste_2019142028_p3_tiagoconceição_2016015546_p5\trabalho poo\debug\imperio.obj
c:\users\lucas\desktop\faculdade\2ºano\1ºsemestre\poo\luisprioste_2019142028_p3_tiagoconceição_2016015546_p5\trabalho poo\debug\mundo.obj
c:\users\lucas\desktop\faculdade\2ºano\1ºsemestre\poo\luisprioste_2019142028_p3_tiagoconceição_2016015546_p5\trabalho poo\debug\interface.obj
c:\users\lucas\desktop\faculdade\2ºano\1ºsemestre\poo\luisprioste_2019142028_p3_tiagoconceição_2016015546_p5\trabalho poo\debug\construtor.obj
c:\users\lucas\desktop\faculdade\2ºano\1ºsemestre\poo\luisprioste_2019142028_p3_tiagoconceição_2016015546_p5\trabalho poo\debug\jogador.obj
c:\users\lucas\desktop\faculdade\2ºano\1ºsemestre\poo\luisprioste_2019142028_p3_tiagoconceição_2016015546_p5\trabalho poo\debug\territorioinicial.obj
c:\users\lucas\desktop\faculdade\2ºano\1ºsemestre\poo\luisprioste_2019142028_p3_tiagoconceição_2016015546_p5\trabalho poo\debug\ilhas.obj
c:\users\lucas\desktop\faculdade\2ºano\1ºsemestre\poo\luisprioste_2019142028_p3_tiagoconceição_2016015546_p5\trabalho poo\debug\continente.obj
c:\users\lucas\desktop\faculdade\2ºano\1ºsemestre\poo\luisprioste_2019142028_p3_tiagoconceição_2016015546_p5\debug\trabalho poo.exe
c:\users\lucas\desktop\faculdade\2ºano\1ºsemestre\poo\luisprioste_2019142028_p3_tiagoconceição_2016015546_p5\debug\trabalho poo.ilk
c:\users\lucas\desktop\faculdade\2ºano\1ºsemestre\poo\luisprioste_2019142028_p3_tiagoconceição_2016015546_p5\debug\trabalho poo.pdb
c:\users\lucas\desktop\faculdade\2ºano\1ºsemestre\poo\luisprioste_2019142028_p3_tiagoconceição_2016015546_p5\trabalho poo\debug\trabalho poo.tlog\cl.command.1.tlog
c:\users\lucas\desktop\faculdade\2ºano\1ºsemestre\poo\luisprioste_2019142028_p3_tiagoconceição_2016015546_p5\trabalho poo\debug\trabalho poo.tlog\cl.read.1.tlog
c:\users\lucas\desktop\faculdade\2ºano\1ºsemestre\poo\luisprioste_2019142028_p3_tiagoconceição_2016015546_p5\trabalho poo\debug\trabalho poo.tlog\cl.write.1.tlog
c:\users\lucas\desktop\faculdade\2ºano\1ºsemestre\poo\luisprioste_2019142028_p3_tiagoconceição_2016015546_p5\trabalho poo\debug\trabalho poo.tlog\link.command.1.tlog
c:\users\lucas\desktop\faculdade\2ºano\1ºsemestre\poo\luisprioste_2019142028_p3_tiagoconceição_2016015546_p5\trabalho poo\debug\trabalho poo.tlog\link.read.1.tlog
c:\users\lucas\desktop\faculdade\2ºano\1ºsemestre\poo\luisprioste_2019142028_p3_tiagoconceição_2016015546_p5\trabalho poo\debug\trabalho poo.tlog\link.write.1.tlog
